<?xml version="1.0" encoding="UTF-8"?>
<!-- Generated by org.testng.reporters.JUnitReportReporter -->
<testsuite hostname="LAPTOP-LMUR1VSE" failures="0" tests="1" name="selenium.linkscount" time="2.748" errors="0" timestamp="2023-12-25T18:16:16 IST" skipped="0">
  <testcase classname="selenium.linkscount" name="cout_Link" time="2.748"/>
  <system-out/>
</testsuite> <!-- selenium.linkscount -->
