<?xml version="1.0" encoding="UTF-8"?>
<!-- Generated by org.testng.reporters.JUnitReportReporter -->
<testsuite hostname="LAPTOP-LMUR1VSE" failures="0" tests="1" name="selenium.Frames" time="39.613" errors="0" timestamp="2023-12-29T19:08:49 IST" skipped="0">
  <testcase classname="selenium.Frames" name="iframes" time="39.613"/>
  <system-out/>
</testsuite> <!-- selenium.Frames -->
