<?xml version="1.0" encoding="UTF-8"?>
<!-- Generated by org.testng.reporters.JUnitReportReporter -->
<testsuite hostname="LAPTOP-LMUR1VSE" failures="0" tests="1" name="selenium.open_newTab_and_window" time="6.213" errors="0" timestamp="2023-12-29T22:19:30 IST" skipped="0">
  <testcase classname="selenium.open_newTab_and_window" name="newtab" time="6.213"/>
  <system-out/>
</testsuite> <!-- selenium.open_newTab_and_window -->
