<?xml version="1.0" encoding="UTF-8"?>
<!-- Generated by org.testng.reporters.JUnitReportReporter -->
<testsuite hostname="LAPTOP-LMUR1VSE" failures="0" tests="1" name="selenium.basic_Auth" time="7.399" errors="0" timestamp="2023-12-31T20:37:39 IST" skipped="0">
  <testcase classname="selenium.basic_Auth" name="basi_Auth" time="7.399"/>
  <system-out/>
</testsuite> <!-- selenium.basic_Auth -->
