<?xml version="1.0" encoding="UTF-8"?>
<!-- Generated by org.testng.reporters.JUnitReportReporter -->
<testsuite hostname="LAPTOP-LMUR1VSE" failures="0" tests="1" name="Javaprograms.printhelloworld_withou_semicolon" time="0.005" errors="0" timestamp="2024-01-01T14:54:49 IST" skipped="0">
  <testcase classname="Javaprograms.printhelloworld_withou_semicolon" name="method" time="0.005"/>
  <system-out/>
</testsuite> <!-- Javaprograms.printhelloworld_withou_semicolon -->
