<?xml version="1.0" encoding="UTF-8"?>
<!-- Generated by org.testng.reporters.JUnitReportReporter -->
<testsuite hostname="LAPTOP-LMUR1VSE" failures="0" tests="1" name="javabasicprograms.Allprograms" time="0.690" errors="0" timestamp="2024-01-17T21:41:41 IST" skipped="0">
  <testcase classname="javabasicprograms.Allprograms" name="UrL" time="0.690"/>
  <system-out/>
</testsuite> <!-- javabasicprograms.Allprograms -->
