<?xml version="1.0" encoding="UTF-8"?>
<!-- Generated by org.testng.reporters.JUnitReportReporter -->
<testsuite hostname="LAPTOP-LMUR1VSE" failures="0" tests="4" name="Javaprograms.print_1_100_withoutloop" time="0.014" errors="0" timestamp="2024-01-01T14:11:38 IST" skipped="0">
  <testcase classname="Javaprograms.print_1_100_withoutloop" name="print_1_100_without_loop" time="0.002"/>
  <system-out/>
  <testcase classname="Javaprograms.print_1_100_withoutloop" name="print_1_100_no_num" time="0.001"/>
  <system-out/>
  <testcase classname="Javaprograms.print_1_100_withoutloop" name="aausingacci" time="0.002"/>
  <system-out/>
  <testcase classname="Javaprograms.print_1_100_withoutloop" name="Using_Arrays" time="0.009"/>
  <system-out/>
</testsuite> <!-- Javaprograms.print_1_100_withoutloop -->
