<?xml version="1.0" encoding="UTF-8"?>
<!-- Generated by org.testng.reporters.JUnitReportReporter -->
<testsuite hostname="LAPTOP-LMUR1VSE" failures="0" tests="1" name="javabasicprograms.Largetsof_3_num" time="0.009" errors="0" timestamp="2024-01-02T09:51:03 IST" skipped="0">
  <testcase classname="javabasicprograms.Largetsof_3_num" name="retrive_special_" time="0.009"/>
  <system-out/>
</testsuite> <!-- javabasicprograms.Largetsof_3_num -->
